[debug] [2020-01-02T05:59:12.187Z] ----------------------------------------------------------------------
[debug] [2020-01-02T05:59:12.189Z] Command:       C:\Program Files\nodejs\node.exe C:\Users\Comp\AppData\Roaming\npm\node_modules\firebase-tools\lib\bin\firebase.js init
[debug] [2020-01-02T05:59:12.189Z] CLI Version:   7.11.0
[debug] [2020-01-02T05:59:12.189Z] Platform:      win32
[debug] [2020-01-02T05:59:12.189Z] Node Version:  v13.3.0
[debug] [2020-01-02T05:59:12.190Z] Time:          Thu Jan 02 2020 09:59:12 GMT+0400 (Армения, стандартное время)
[debug] [2020-01-02T05:59:12.190Z] ----------------------------------------------------------------------
[debug] [2020-01-02T05:59:12.190Z] 
[debug] [2020-01-02T05:59:12.195Z] > command requires scopes: ["email","openid","https://www.googleapis.com/auth/cloudplatformprojects.readonly","https://www.googleapis.com/auth/firebase","https://www.googleapis.com/auth/cloud-platform"]
[debug] [2020-01-02T05:59:12.196Z] > authorizing via signed-in user
[info] 
     ######## #### ########  ######## ########     ###     ######  ########
     ##        ##  ##     ## ##       ##     ##  ##   ##  ##       ##
     ######    ##  ########  ######   ########  #########  ######  ######
     ##        ##  ##    ##  ##       ##     ## ##     ##       ## ##
     ##       #### ##     ## ######## ########  ##     ##  ######  ########

You're about to initialize a Firebase project in this directory:

  D:\Index\_MY_PROJECTS\ngSupermarket

[info] 
=== Project Setup
[info] 
[info] First, let's associate this project directory with a Firebase project.
[info] You can create multiple project aliases by running firebase use --add, 
[info] but for now we'll just set up a default project.
[info] 
[info] i  If you want to create a project in a Google Cloud organization or folder, please use "firebase projects:create" instead, and return to this command when you've created the project.
[debug] [2020-01-02T05:59:52.911Z] >>> HTTP REQUEST POST https://cloudresourcemanager.googleapis.com/v1/projects  

[debug] [2020-01-02T05:59:54.036Z] <<< HTTP RESPONSE 400
[debug] [2020-01-02T05:59:54.037Z] <<< HTTP RESPONSE BODY
[debug] [2020-01-02T05:59:54.040Z] HTTP Error: 400, field [project_id] has issue [project_id contains invalid characters]
[debug] [2020-01-02T05:59:54.244Z] FirebaseError: HTTP Error: 400, field [project_id] has issue [project_id contains invalid characters]
    at module.exports (C:\Users\Comp\AppData\Roaming\npm\node_modules\firebase-tools\lib\responseToError.js:38:12)
    at Request._callback (C:\Users\Comp\AppData\Roaming\npm\node_modules\firebase-tools\lib\api.js:39:35)
    at Request.self.callback (C:\Users\Comp\AppData\Roaming\npm\node_modules\firebase-tools\node_modules\request\request.js:185:22)
    at Request.emit (events.js:219:5)
    at Request.EventEmitter.emit (domain.js:482:12)
    at Request.<anonymous> (C:\Users\Comp\AppData\Roaming\npm\node_modules\firebase-tools\node_modules\request\request.js:1161:10)
    at Request.emit (events.js:219:5)
    at Request.EventEmitter.emit (domain.js:482:12)
    at IncomingMessage.<anonymous> (C:\Users\Comp\AppData\Roaming\npm\node_modules\firebase-tools\node_modules\request\request.js:1083:12)
    at Object.onceWrapper (events.js:308:28)
    at IncomingMessage.emit (events.js:224:7)
    at IncomingMessage.EventEmitter.emit (domain.js:482:12)
    at endReadableNT (_stream_readable.js:1206:12)
    at processTicksAndRejections (internal/process/task_queues.js:84:21)
[error] 
[error] Error: Failed to create Google Cloud project. See firebase-debug.log for more info.
